<?xml version="1.0" encoding="UTF-8"?>
<!-- Generated by org.testng.reporters.JUnitXMLReporter -->
<testsuite ignored="0" hostname="DESKTOP-H9INCBM" failures="0" tests="4" name="Test" time="10.894" errors="0" timestamp="2023-06-27T23:18:53 IST">
  <testcase classname="day8.CreateUser" name="testCreateUser" time="6.551"/>
  <testcase classname="day8.GetUser" name="testGetUser" time="1.83"/>
  <testcase classname="day8.UpdateUser" name="testUpdateUser" time="1.306"/>
  <testcase classname="day8.DeleteUser" name="testDeleteUser" time="1.099"/>
</testsuite> <!-- Test -->
