<?xml version="1.0" encoding="UTF-8"?>
<!-- Generated by org.testng.reporters.JUnitXMLReporter -->
<testsuite ignored="0" hostname="DESKTOP-H9INCBM" failures="1" tests="1" name="Command line test" time="31.878" errors="0" timestamp="2023-12-09T16:17:42 IST">
  <testcase classname="demo.Demo" name="BatchFile" time="31.877">
    <failure type="java.lang.NoClassDefFoundError" message="Could not initialize class org.openqa.selenium.remote.http.ClientConfig">
      <![CDATA[java.lang.NoClassDefFoundError: Could not initialize class org.openqa.selenium.remote.http.ClientConfig
at org.openqa.selenium.chrome.ChromeDriver.<init>(ChromeDriver.java:84)
at org.openqa.selenium.chrome.ChromeDriver.<init>(ChromeDriver.java:52)
at demo.Demo.BatchFile(Demo.java:24)
at java.base/java.util.ArrayList.forEach(ArrayList.java:1596)
at demo.Demo.BatchFile(Demo.java:22)
at java.base/java.util.ArrayList.forEach(ArrayList.java:1596)
at demo.Demo.BatchFile(Demo.java:22)
at java.base/java.util.ArrayList.forEach(ArrayList.java:1596)
at demo.Demo.BatchFile(Demo.java:22)
at java.base/java.util.ArrayList.forEach(ArrayList.java:1596)
at demo.Demo.BatchFile(Demo.java:22)
at java.base/java.util.ArrayList.forEach(ArrayList.java:1596)
at demo.Demo.BatchFile(Demo.java:22)
at java.base/java.util.ArrayList.forEach(ArrayList.java:1596)
at demo.Demo.BatchFile(Demo.java:22)
at java.base/java.util.ArrayList.forEach(ArrayList.java:1596)
at demo.Demo.BatchFile(Demo.java:22)
at java.base/java.util.ArrayList.forEach(ArrayList.java:1596)
at demo.Demo.BatchFile(Demo.java:22)
at java.base/java.util.ArrayList.forEach(ArrayList.java:1596)
at demo.Demo.BatchFile(Demo.java:22)
at java.base/java.util.ArrayList.forEach(ArrayList.java:1596)
at demo.Demo.BatchFile(Demo.java:22)
at java.base/java.util.ArrayList.forEach(ArrayList.java:1596)
at demo.Demo.BatchFile(Demo.java:22)
at java.base/java.util.ArrayList.forEach(ArrayList.java:1596)
at demo.Demo.BatchFile(Demo.java:22)
at java.base/java.util.ArrayList.forEach(ArrayList.java:1596)
at demo.Demo.BatchFile(Demo.java:22)
at java.base/java.util.ArrayList.forEach(ArrayList.java:1596)
at demo.Demo.BatchFile(Demo.java:22)
at java.base/java.util.ArrayList.forEach(ArrayList.java:1596)
... Removed 333 stack frames]]>
    </failure>
  </testcase> <!-- BatchFile -->
</testsuite> <!-- Command line test -->
