<?xml version="1.0" encoding="UTF-8"?>
<!-- Generated by org.testng.reporters.JUnitXMLReporter -->
<testsuite ignored="0" hostname="DESKTOP-H9INCBM" failures="0" tests="4" name="PetTest" time="14.603" errors="0" timestamp="2023-07-01T19:43:11 IST">
  <testcase classname="api.test.Usertests2" name="testPostuser" time="7.373"/>
  <testcase classname="api.test.Usertests2" name="getuserByName" time="1.7"/>
  <testcase classname="api.test.Usertests2" name="testUpdateByUserName" time="1.575"/>
  <testcase classname="api.test.Usertests2" name="testDeleteuser" time="1.646"/>
</testsuite> <!-- PetTest -->
