<?xml version="1.0" encoding="UTF-8"?>
<testng-results ignored="0" total="4" passed="4" failed="0" skipped="0">
  <reporter-output>
  </reporter-output>
  <suite started-at="2023-07-01T19:42:56 IST" name="PetSuite" finished-at="2023-07-01T19:43:11 IST" duration-ms="14603">
    <groups>
    </groups>
    <test started-at="2023-07-01T19:42:56 IST" name="PetTest" finished-at="2023-07-01T19:43:11 IST" duration-ms="14603">
      <class name="api.test.Usertests2">
        <test-method is-config="true" signature="setUpData()[pri:0, instance:api.test.Usertests2@3a93b025]" started-at="2023-07-01T19:42:58 IST" name="setUpData" finished-at="2023-07-01T19:42:58 IST" duration-ms="542" status="PASS">
          <reporter-output>
          </reporter-output>
        </test-method> <!-- setUpData -->
        <test-method signature="testPostuser()[pri:1, instance:api.test.Usertests2@3a93b025]" started-at="2023-07-01T19:42:58 IST" name="testPostuser" finished-at="2023-07-01T19:43:06 IST" duration-ms="7373" status="PASS">
          <reporter-output>
          </reporter-output>
        </test-method> <!-- testPostuser -->
        <test-method signature="getuserByName()[pri:2, instance:api.test.Usertests2@3a93b025]" started-at="2023-07-01T19:43:06 IST" name="getuserByName" finished-at="2023-07-01T19:43:08 IST" duration-ms="1700" status="PASS">
          <reporter-output>
          </reporter-output>
        </test-method> <!-- getuserByName -->
        <test-method signature="testUpdateByUserName()[pri:3, instance:api.test.Usertests2@3a93b025]" started-at="2023-07-01T19:43:08 IST" name="testUpdateByUserName" finished-at="2023-07-01T19:43:09 IST" duration-ms="1575" status="PASS">
          <reporter-output>
          </reporter-output>
        </test-method> <!-- testUpdateByUserName -->
        <test-method signature="testDeleteuser()[pri:4, instance:api.test.Usertests2@3a93b025]" started-at="2023-07-01T19:43:09 IST" name="testDeleteuser" finished-at="2023-07-01T19:43:11 IST" duration-ms="1646" status="PASS">
          <reporter-output>
          </reporter-output>
        </test-method> <!-- testDeleteuser -->
      </class> <!-- api.test.Usertests2 -->
    </test> <!-- PetTest -->
  </suite> <!-- PetSuite -->
</testng-results>
