<?xml version="1.0" encoding="UTF-8"?>
<testng-results ignored="0" total="1" passed="1" failed="0" skipped="0">
  <reporter-output>
  </reporter-output>
  <suite started-at="2023-08-31T11:32:48 IST" name="Default suite" finished-at="2023-08-31T11:32:52 IST" duration-ms="3904">
    <groups>
    </groups>
    <test started-at="2023-08-31T11:32:48 IST" name="Default test" finished-at="2023-08-31T11:32:52 IST" duration-ms="3904">
      <class name="day3.TestPathAndQuery">
        <test-method signature="test()[pri:0, instance:day3.TestPathAndQuery@393671df]" started-at="2023-08-31T11:32:48 IST" name="test" finished-at="2023-08-31T11:32:52 IST" duration-ms="3819" status="PASS">
          <reporter-output>
          </reporter-output>
        </test-method> <!-- test -->
      </class> <!-- day3.TestPathAndQuery -->
    </test> <!-- Default test -->
  </suite> <!-- Default suite -->
</testng-results>
