<?xml version="1.0" encoding="UTF-8"?>
<testng-results ignored="0" total="1" passed="1" failed="0" skipped="0">
  <reporter-output>
  </reporter-output>
  <suite started-at="2023-12-10T16:38:00 IST" name="Default suite" finished-at="2023-12-10T16:38:13 IST" duration-ms="13815">
    <groups>
    </groups>
    <test started-at="2023-12-10T16:38:00 IST" name="Default test" finished-at="2023-12-10T16:38:13 IST" duration-ms="13815">
      <class name="demo.Demo">
        <test-method signature="BatchFile()[pri:0, instance:demo.Demo@2473d930]" started-at="2023-12-10T16:38:00 IST" name="BatchFile" finished-at="2023-12-10T16:38:13 IST" duration-ms="13571" status="PASS">
          <reporter-output>
          </reporter-output>
        </test-method> <!-- BatchFile -->
      </class> <!-- demo.Demo -->
    </test> <!-- Default test -->
  </suite> <!-- Default suite -->
</testng-results>
