<?xml version="1.0" encoding="UTF-8"?>
<testng-results ignored="0" total="4" passed="4" failed="0" skipped="0">
  <reporter-output>
  </reporter-output>
  <suite started-at="2023-06-27T23:18:42 IST" name="Suite" finished-at="2023-06-27T23:18:53 IST" duration-ms="10894">
    <groups>
    </groups>
    <test started-at="2023-06-27T23:18:42 IST" name="Test" finished-at="2023-06-27T23:18:53 IST" duration-ms="10894">
      <class name="day8.UpdateUser">
        <test-method signature="testUpdateUser(org.testng.ITestContext)[pri:1, instance:day8.UpdateUser@4d9e68d0]" started-at="2023-06-27T23:18:50 IST" name="testUpdateUser" finished-at="2023-06-27T23:18:52 IST" duration-ms="1306" status="PASS">
          <params>
            <param index="0">
              <value>
                <![CDATA[org.testng.TestRunner@4009e306]]>
              </value>
            </param>
          </params>
          <reporter-output>
          </reporter-output>
        </test-method> <!-- testUpdateUser -->
      </class> <!-- day8.UpdateUser -->
      <class name="day8.DeleteUser">
        <test-method signature="testDeleteUser(org.testng.ITestContext)[pri:1, instance:day8.DeleteUser@42e99e4a]" started-at="2023-06-27T23:18:52 IST" name="testDeleteUser" finished-at="2023-06-27T23:18:53 IST" duration-ms="1099" status="PASS">
          <params>
            <param index="0">
              <value>
                <![CDATA[org.testng.TestRunner@4009e306]]>
              </value>
            </param>
          </params>
          <reporter-output>
          </reporter-output>
        </test-method> <!-- testDeleteUser -->
      </class> <!-- day8.DeleteUser -->
      <class name="day8.CreateUser">
        <test-method signature="testCreateUser(org.testng.ITestContext)[pri:1, instance:day8.CreateUser@402bba4f]" started-at="2023-06-27T23:18:42 IST" name="testCreateUser" finished-at="2023-06-27T23:18:48 IST" duration-ms="6551" status="PASS">
          <params>
            <param index="0">
              <value>
                <![CDATA[org.testng.TestRunner@4009e306]]>
              </value>
            </param>
          </params>
          <reporter-output>
          </reporter-output>
        </test-method> <!-- testCreateUser -->
      </class> <!-- day8.CreateUser -->
      <class name="day8.GetUser">
        <test-method signature="testGetUser(org.testng.ITestContext)[pri:1, instance:day8.GetUser@1d9b7cce]" started-at="2023-06-27T23:18:48 IST" name="testGetUser" finished-at="2023-06-27T23:18:50 IST" duration-ms="1830" status="PASS">
          <params>
            <param index="0">
              <value>
                <![CDATA[org.testng.TestRunner@4009e306]]>
              </value>
            </param>
          </params>
          <reporter-output>
          </reporter-output>
        </test-method> <!-- testGetUser -->
      </class> <!-- day8.GetUser -->
    </test> <!-- Test -->
  </suite> <!-- Suite -->
</testng-results>
