<?xml version="1.0" encoding="UTF-8"?>
<!-- Generated by org.testng.reporters.JUnitXMLReporter -->
<testsuite ignored="0" hostname="DESKTOP-H9INCBM" failures="0" tests="6" name="Default test" time="17.552" errors="0" timestamp="2023-06-30T16:25:45 IST">
  <testcase classname="api.test.DDTests" name="testPostusers" time="5.524"/>
  <testcase classname="api.test.DDTests" name="testPostusers" time="1.662"/>
  <testcase classname="api.test.DDTests" name="testPostusers" time="1.915"/>
  <testcase classname="api.test.DDTests" name="testDeleteUserByName" time="1.754"/>
  <testcase classname="api.test.DDTests" name="testDeleteUserByName" time="1.597"/>
  <testcase classname="api.test.DDTests" name="testDeleteUserByName" time="1.596"/>
</testsuite> <!-- Default test -->
