<?xml version="1.0" encoding="UTF-8"?>
<testng-results ignored="0" total="2" passed="2" failed="0" skipped="0">
  <reporter-output>
  </reporter-output>
  <suite started-at="2022-08-25T20:47:14 IST" name="Default suite" finished-at="2022-08-25T20:47:20 IST" duration-ms="5494">
    <groups>
    </groups>
    <test started-at="2022-08-25T20:47:14 IST" name="Default test" finished-at="2022-08-25T20:47:20 IST" duration-ms="5494">
      <class name="restApi.Get_Request2">
        <test-method signature="getWeatherDetails()[pri:0, instance:restApi.Get_Request2@ef9296d]" started-at="2022-08-25T20:47:14 IST" name="getWeatherDetails" finished-at="2022-08-25T20:47:18 IST" duration-ms="3824" status="PASS">
          <reporter-output>
          </reporter-output>
        </test-method> <!-- getWeatherDetails -->
        <test-method signature="test()[pri:0, instance:restApi.Get_Request2@ef9296d]" started-at="2022-08-25T20:47:18 IST" name="test" finished-at="2022-08-25T20:47:20 IST" duration-ms="1573" status="PASS">
          <reporter-output>
          </reporter-output>
        </test-method> <!-- test -->
      </class> <!-- restApi.Get_Request2 -->
    </test> <!-- Default test -->
  </suite> <!-- Default suite -->
</testng-results>
